Starting Nmap 7.80 ( https://nmap.org ) at 2022-03-27 14:06 EEST
Nmap scan report for 192.168.0.114
Host is up (0.00011s latency).
Not shown: 65532 closed ports
PORT     STATE SERVICE    VERSION
21/tcp   open  ftp        vsftpd 3.0.3
| ftp-anon: Anonymous FTP login allowed (FTP code 230)
|_dr-xr-xr-x    2 ftp      ftp          4096 Nov 08  2020 anon
| ftp-syst: 
|   STAT: 
| FTP server status:
|      Connected to ::ffff:192.168.0.118
|      Logged in as ftp
|      TYPE: ASCII
|      No session bandwidth limit
|      Session timeout in seconds is 300
|      Control connection is plain text
|      Data connections will be plain text
|      At session startup, client count was 2
|      vsFTPd 3.0.3 - secure, fast, stable
|_End of status
22/tcp   open  ssh        OpenSSH 7.9p1 Debian 10+deb10u2 (protocol 2.0)
| ssh-hostkey: 
|   2048 43:30:8c:57:bc:49:68:49:9c:9a:53:e7:a9:b7:83:9f (RSA)
|   256 c9:8d:46:c8:ef:33:d2:62:21:3a:bf:95:cb:fb:44:a3 (ECDSA)
|_  256 9b:86:ff:5c:6c:61:50:d0:36:59:b0:7a:bf:77:b2:a6 (ED25519)
1337/tcp open  tcpwrapped
Service Info: OSs: Unix, Linux; CPE: cpe:/o:linux:linux_kernel

Service detection performed. Please report any incorrect results at https://nmap.org/submit/ .
Nmap done: 1 IP address (1 host up) scanned in 6.61 seconds
